Arguments: 
  C:\Program Files\nodejs\node.exe C:\Users\Kamrul\AppData\Roaming\npm\node_modules\yarn\bin\yarn.js install

PATH: 
  C:\Users\Kamrul\bin;C:\Program Files\Git\mingw64\bin;C:\Program Files\Git\usr\local\bin;C:\Program Files\Git\usr\bin;C:\Program Files\Git\usr\bin;C:\Program Files\Git\mingw64\bin;C:\Program Files\Git\usr\bin;C:\Users\Kamrul\bin;C:\Windows\system32;C:\Windows;C:\Windows\System32\Wbem;C:\Windows\System32\WindowsPowerShell\v1.0;C:\Windows\System32\OpenSSH;C:\Program Files\Git\cmd;C:\Program Files\nodejs;C:\Users\Kamrul\AppData\Local\Microsoft\WindowsApps;C:\Users\Kamrul\AppData\Local\Programs\Microsoft VS Code\bin;C:\Users\Kamrul\AppData\Roaming\npm;C:\Program Files\Git\usr\bin\vendor_perl;C:\Program Files\Git\usr\bin\core_perl

Yarn version: 
  1.22.19

Node version: 
  16.14.0

Platform: 
  win32 x64

Trace: 
  Error: getaddrinfo ENOTFOUND registry.yarnpkg.com
      at GetAddrInfoReqWrap.onlookup [as oncomplete] (node:dns:71:26)

npm manifest: 
  {
    "name": "blog",
    "version": "1.0.0",
    "author":"Md. Kamrul Hasan ",
    "main": "server.js",
    "scripts": {
      "server": "nodemon backend/server.js",
      "client": "npm start --prefix frontend",
      "dev": "concurrently \" npm run server \" \" npm run client \""
    },
    "license": "MIT",
    "devDependencies": {
      "bcrypt": "^5.0.1",
      "body-parser": "^1.20.0",
      "concurrently": "^7.3.0",
      "cookie-parser": "^1.4.6",
      "cors": "^2.8.5",
      "date-and-time": "^2.4.1",
      "dotenv": "^16.0.1",
      "express": "^4.18.1",
      "formidable": "^2.0.1",
      "jsonwebtoken": "^8.5.1",
      "mongoose": "^6.5.0",
      "nodemailer": "^6.7.7",
      "nodemon": "^2.0.19",
      "validator": "^13.7.0"
    }
  }

yarn manifest: 
  No manifest

Lockfile: 
  No lockfile
